c:\dillo\usrguide.pdf
c:\dillo\usr\share\fonts\truetype\ttf-deja\verait.ttf
c:\dillo\usr\share\fonts\truetype\ttf-deja\verabi.ttf
c:\dillo\usr\share\fonts\truetype\ttf-deja\verabd.ttf
c:\dillo\usr\share\fonts\truetype\ttf-deja\vera.ttf
c:\dillo\usr\share\fonts\truetype\ttf-deja\luximri.ttf
c:\dillo\usr\share\fonts\truetype\ttf-deja\luximr.ttf
c:\dillo\usr\share\fonts\truetype\ttf-deja\luximbi.ttf
c:\dillo\usr\share\fonts\truetype\ttf-deja\luximb.ttf
c:\dillo\usr\share\fonts\truetype\ttf-deja\libreg.ttf
c:\dillo\usr\share\fonts\truetype\ttf-deja\libital.ttf
c:\dillo\usr\share\fonts\truetype\ttf-deja\libbold.ttf
c:\dillo\usr\share\fonts\truetype\ttf-deja\libbital.ttf
c:\dillo\usr\share\fonts\truetype\ttf-deja\fonts.dir
c:\dillo\usr\share\fonts\truetype\ttf-deja\fonts.ali
c:\dillo\usr\share\fonts\truetype\ttf-deja\dejaobl.ttf
c:\dillo\usr\share\fonts\truetype\ttf-deja\dejabold.ttf
c:\dillo\usr\share\fonts\truetype\ttf-deja\dejabobl.ttf
c:\dillo\usr\share\fonts\truetype\ttf-deja\deja.ttf
c:\dillo\usr\share\fonts\truetype\ttf\verasebd.ttf
c:\dillo\usr\share\fonts\truetype\ttf\verase.ttf
c:\dillo\usr\share\fonts\truetype\ttf\veramono.ttf
c:\dillo\usr\share\fonts\truetype\ttf\veramoit.ttf
c:\dillo\usr\share\fonts\truetype\ttf\veramobi.ttf
c:\dillo\usr\share\fonts\truetype\ttf\veramobd.ttf
c:\dillo\usr\share\fonts\truetype\ttf\verait.ttf
c:\dillo\usr\share\fonts\truetype\ttf\verabi.ttf
c:\dillo\usr\share\fonts\truetype\ttf\verabd.ttf
c:\dillo\usr\share\fonts\truetype\ttf\vera.ttf
c:\dillo\usr\share\fonts\truetype\ttf\luxisri.ttf
c:\dillo\usr\share\fonts\truetype\ttf\luxisr.ttf
c:\dillo\usr\share\fonts\truetype\ttf\luxisbi.ttf
c:\dillo\usr\share\fonts\truetype\ttf\luxisb.ttf
c:\dillo\usr\share\fonts\truetype\ttf\luxirri.ttf
c:\dillo\usr\share\fonts\truetype\ttf\luxirr.ttf
c:\dillo\usr\share\fonts\truetype\ttf\luxirbi.ttf
c:\dillo\usr\share\fonts\truetype\ttf\luxirb.ttf
c:\dillo\usr\share\fonts\truetype\ttf\luximri.ttf
c:\dillo\usr\share\fonts\truetype\ttf\luximr.ttf
c:\dillo\usr\share\fonts\truetype\ttf\luximbi.ttf
c:\dillo\usr\share\fonts\truetype\ttf\luximb.ttf
c:\dillo\usr\share\fonts\truetype\ttf\gohatibe.ttf
c:\dillo\usr\share\fonts\truetype\ttf\fonts.sca
c:\dillo\usr\share\fonts\truetype\ttf\fonts.dir
c:\dillo\usr\share\fonts\truetype\ttf\encoding.dir
c:\dillo\usr\share\fonts\truetype\freefont\viscii-o.ttf
c:\dillo\usr\share\fonts\truetype\freefont\vagroln.ttf
c:\dillo\usr\share\fonts\truetype\freefont\timesz.ttf
c:\dillo\usr\share\fonts\truetype\freefont\timesi.ttf
c:\dillo\usr\share\fonts\truetype\freefont\timesb.ttf
c:\dillo\usr\share\fonts\truetype\freefont\times.ttf
c:\dillo\usr\share\fonts\truetype\freefont\readme.txt
c:\dillo\usr\share\fonts\truetype\freefont\readme.tm
c:\dillo\usr\share\fonts\truetype\freefont\readme.ome
c:\dillo\usr\share\fonts\truetype\freefont\readme.ms
c:\dillo\usr\share\fonts\truetype\freefont\lt5-r-om.ttf
c:\dillo\usr\share\fonts\truetype\freefont\lt5-i-om.ttf
c:\dillo\usr\share\fonts\truetype\freefont\lt5-bi-o.ttf
c:\dillo\usr\share\fonts\truetype\freefont\lt5-b-om.ttf
c:\dillo\usr\share\fonts\truetype\freefont\lt4-r-om.ttf
c:\dillo\usr\share\fonts\truetype\freefont\lt4-i-om.ttf
c:\dillo\usr\share\fonts\truetype\freefont\lt4-bi-o.ttf
c:\dillo\usr\share\fonts\truetype\freefont\lt4-b-om.ttf
c:\dillo\usr\share\fonts\truetype\freefont\lt3-r-om.ttf
c:\dillo\usr\share\fonts\truetype\freefont\lt3-i-om.ttf
c:\dillo\usr\share\fonts\truetype\freefont\lt3-bi-o.ttf
c:\dillo\usr\share\fonts\truetype\freefont\lt3-b-om.ttf
c:\dillo\usr\share\fonts\truetype\freefont\lt2-r-om.ttf
c:\dillo\usr\share\fonts\truetype\freefont\lt2-i-om.ttf
c:\dillo\usr\share\fonts\truetype\freefont\lt2-bi-o.ttf
c:\dillo\usr\share\fonts\truetype\freefont\lt2-b-om.ttf
c:\dillo\usr\share\fonts\truetype\freefont\lt1-r-om.ttf
c:\dillo\usr\share\fonts\truetype\freefont\lt1-i-om.ttf
c:\dillo\usr\share\fonts\truetype\freefont\lt1-bi-o.ttf
c:\dillo\usr\share\fonts\truetype\freefont\lt1-b-om.ttf
c:\dillo\usr\share\fonts\truetype\freefont\license.wri
c:\dillo\usr\share\fonts\truetype\freefont\impact.ttf
c:\dillo\usr\share\fonts\truetype\freefont\fonts.txt
c:\dillo\usr\share\fonts\truetype\freefont\fonts.dir
c:\dillo\usr\share\fonts\truetype\freefont\encoding.dir
c:\dillo\usr\share\fonts\truetype\freefont\dejavusa.ttf
c:\dillo\usr\share\fonts\truetype\freefont\courz.ttf
c:\dillo\usr\share\fonts\truetype\freefont\couri.ttf
c:\dillo\usr\share\fonts\truetype\freefont\courb.ttf
c:\dillo\usr\share\fonts\truetype\freefont\cour.ttf
c:\dillo\usr\share\fonts\truetype\freefont\comicbd.ttf
c:\dillo\usr\share\fonts\truetype\freefont\comic.ttf
c:\dillo\usr\share\fonts\truetype\freefont\ariblk.ttf
c:\dillo\usr\share\fonts\truetype\freefont\arialz.ttf
c:\dillo\usr\share\fonts\truetype\freefont\ariali.ttf
c:\dillo\usr\share\fonts\truetype\freefont\arialb.ttf
c:\dillo\usr\share\fonts\truetype\freefont\arial.ttf
c:\dillo\usr\share\fonts\truetype\freefont\accid___.ttf
c:\dillo\usr\share\fonts\fonts.ali
c:\dillo\stdout.txt
c:\dillo\fltk.cfg\fltk.org\empty
c:\dillo\etc\wattcp.cfg
c:\dillo\dillo.bat
c:\dillo\config\empty
c:\dillo\bin\vcls.exe
c:\dillo\bin\redir.exe
c:\dillo\bin\dillo.exe
c:\dillo\bin\cwsdpmi.exe
c:\dillo\bin\cwsdpmi.doc
C:\FDOS\appinfo\dillo.lsm
