C:\FDOS\dn2\xlt\win866r.xlt
C:\FDOS\dn2\xlt\uni_rus.xlt
C:\FDOS\dn2\xlt\sort866.xlt
C:\FDOS\dn2\xlt\ru441.xlt
C:\FDOS\dn2\xlt\koi8-r.xlt
C:\FDOS\dn2\xlt\descript.ion
C:\FDOS\dn2\xlt\crazy1.xlt
C:\FDOS\dn2\ukrain.lng
C:\FDOS\dn2\ukrain.hlp
C:\FDOS\dn2\ukrain.dlg
C:\FDOS\dn2\russian.lng
C:\FDOS\dn2\russian.hlp
C:\FDOS\dn2\russian.dlg
C:\FDOS\dn2\file_id.diz
C:\FDOS\dn2\english.lng
C:\FDOS\dn2\english.hlp
C:\FDOS\dn2\english.dlg
C:\FDOS\dn2\doc\russian\news214.txt
C:\FDOS\dn2\doc\russian\news213d.txt
C:\FDOS\dn2\doc\russian\news213.txt
C:\FDOS\dn2\doc\russian\news212d.txt
C:\FDOS\dn2\doc\russian\news212.txt
C:\FDOS\dn2\doc\russian\news211d.txt
C:\FDOS\dn2\doc\russian\news211.txt
C:\FDOS\dn2\doc\russian\news210d.txt
C:\FDOS\dn2\doc\russian\news210.txt
C:\FDOS\dn2\doc\russian\news209d.txt
C:\FDOS\dn2\doc\russian\news209.txt
C:\FDOS\dn2\doc\russian\news208.txt
C:\FDOS\dn2\doc\russian\dnini.txt
C:\FDOS\dn2\doc\english\news214.txt
C:\FDOS\dn2\doc\english\news212.txt
C:\FDOS\dn2\doc\english\news211.txt
C:\FDOS\dn2\doc\english\news210.txt
C:\FDOS\dn2\doc\english\dnini.txt
C:\FDOS\dn2\dn.prg
C:\FDOS\dn2\dn.ini
C:\FDOS\dn2\dn.flg
C:\FDOS\dn2\dn.com
C:\FDOS\dn2\descript.ion
C:\FDOS\dn2\colors\vax.pal
C:\FDOS\dn2\colors\strelok.pal
C:\FDOS\dn2\colors\norton.pal
C:\FDOS\dn2\colors\mono.pal
C:\FDOS\dn2\colors\jaroslaw.pal
C:\FDOS\dn2\colors\default.pal
C:\FDOS\dn2\colors\dark.pal
C:\FDOS\dn2\colors\b&w.pal
C:\FDOS\appinfo\dn2.lsm
