C:\mtcp\telnet.txt
C:\mtcp\telnet.exe
C:\mtcp\spdtest.txt
C:\mtcp\spdtest.exe
C:\mtcp\sntp.txt
C:\mtcp\sntp.exe
C:\mtcp\slip.txt
C:\mtcp\setup.txt
C:\mtcp\sample.cfg
C:\mtcp\readme.txt
C:\mtcp\ppp.txt
C:\mtcp\power.txt
C:\mtcp\ping.txt
C:\mtcp\ping.exe
C:\mtcp\nc.txt
C:\mtcp\nc.exe
C:\mtcp\mtcp.lsm
C:\mtcp\ircjr.txt
C:\mtcp\ircjr.exe
C:\mtcp\htget.txt
C:\mtcp\htget.exe
C:\mtcp\ftpsrv.txt
C:\mtcp\ftpsrv.exe
C:\mtcp\ftppass.txt
C:\mtcp\ftp.txt
C:\mtcp\ftp.exe
C:\mtcp\dnstest.txt
C:\mtcp\dnstest.exe
C:\mtcp\dhcp.txt
C:\mtcp\dhcp.exe
C:\mtcp\debug.txt
C:\mtcp\copying.txt
C:\FDOS\appinfo\mtcp.lsm
