C:\FDOS\help\syslinux.en
C:\FDOS\doc\syslinux\usbkey.txt
C:\FDOS\doc\syslinux\syslinux.txt
C:\FDOS\doc\syslinux\submit.txt
C:\FDOS\doc\syslinux\sdi.txt
C:\FDOS\doc\syslinux\rfc5071.txt
C:\FDOS\doc\syslinux\pxelinux.txt
C:\FDOS\doc\syslinux\menu.txt
C:\FDOS\doc\syslinux\memdisk.txt
C:\FDOS\doc\syslinux\mboot.txt
C:\FDOS\doc\syslinux\keylilo.txt
C:\FDOS\doc\syslinux\isolinux.txt
C:\FDOS\doc\syslinux\gpt.txt
C:\FDOS\doc\syslinux\extlinux.txt
C:\FDOS\doc\syslinux\distrib.txt
C:\FDOS\doc\syslinux\comboot.txt
C:\FDOS\doc\syslinux\coding.txt
C:\FDOS\bin\syslinux.com
C:\FDOS\bin\syslinux.cfg
C:\FDOS\bin\menu.c32
C:\FDOS\bin\memdisk
C:\FDOS\bin\mdiskchk.com
C:\FDOS\bin\isolinux.cfg
C:\FDOS\bin\isolinux.bin
C:\FDOS\bin\eltorito.sys
C:\FDOS\bin\chain.c32
C:\FDOS\appinfo\syslnx.lsm
