3299
 DLL=  HWINI=LONGMONT.ini
17 Timeout, wait for exclusive access to cell socket id = 16, blocker = 6 [32:
][10001]
17 Timeout, wait for exclusive access to cell socket id = 16, blocker = 6 [32:11][10001]
17 Timeout, wait for exclusive access to cell socket id = 16, blocker = 6 [32:
][10001]
17 Timeout, wait for exclusive access to cell socket id = 16, blocker = 6 [32:
][10001]
17 Timeout, wait for exclusive access to cell socket id = 16, blocker = 6 [32:
][10001]
17 Timeout, wait for exclusive access to cell socket id = 16, blocker = 6 [32:
][10001]
17 Timeout, wait for exclusive access to cell socket id = 16, blocker = 6 [32:
][10001]
16 Timeout, wait for exclusive access to cell socket id = 16, blocker = 6 [32:
][10001]
17 Timeout, wait for exclusive access to cell socket id = 16, blocker = 6 [32:
][10001]
16 Timeout, wait for exclusive access to cell socket id = 16, blocker = 6 [32:
][10001]
17 Timeout, wait for exclusive access to cell socket id = 16, blocker = 6 [32:
][10001]